CRITICAL - 2023-09-24 02:44:39 --> syntax error, unexpected token "endforeach", expecting end of file
in APPPATH\Views\include\modals.php on line 43.
 1 SYSTEMPATH\View\View.php(229): CodeIgniter\View\View->CodeIgniter\View\{closure}()
 2 SYSTEMPATH\View\View.php(467): CodeIgniter\View\View->render('include/modals', null, true)
 3 APPPATH\Views\musicView.php(3): CodeIgniter\View\View->include('include/modals')
 4 SYSTEMPATH\View\View.php(226): include('C:\\laragon\\www\\mp3\\app\\Views\\musicView.php')
 5 SYSTEMPATH\View\View.php(229): CodeIgniter\View\View->CodeIgniter\View\{closure}()
 6 SYSTEMPATH\Common.php(1188): CodeIgniter\View\View->render('musicView', [], true)
 7 APPPATH\Controllers\MainController.php(20): view('musicView', [...])
 8 SYSTEMPATH\CodeIgniter.php(919): App\Controllers\MainController->index()
 9 SYSTEMPATH\CodeIgniter.php(494): CodeIgniter\CodeIgniter->runController(Object(App\Controllers\MainController))
10 SYSTEMPATH\CodeIgniter.php(353): CodeIgniter\CodeIgniter->handleRequest(null, Object(Config\Cache), false)
11 FCPATH\index.php(79): CodeIgniter\CodeIgniter->run()
12 SYSTEMPATH\Commands\Server\rewrite.php(47): require_once('C:\\laragon\\www\\mp3\\public\\index.php')
CRITICAL - 2023-09-24 02:45:52 --> syntax error, unexpected token "endforeach", expecting end of file
in APPPATH\Views\include\modals.php on line 43.
 1 SYSTEMPATH\View\View.php(229): CodeIgniter\View\View->CodeIgniter\View\{closure}()
 2 SYSTEMPATH\View\View.php(467): CodeIgniter\View\View->render('include/modals', null, true)
 3 APPPATH\Views\musicView.php(3): CodeIgniter\View\View->include('include/modals')
 4 SYSTEMPATH\View\View.php(226): include('C:\\laragon\\www\\mp3\\app\\Views\\musicView.php')
 5 SYSTEMPATH\View\View.php(229): CodeIgniter\View\View->CodeIgniter\View\{closure}()
 6 SYSTEMPATH\Common.php(1188): CodeIgniter\View\View->render('musicView', [], true)
 7 APPPATH\Controllers\MainController.php(20): view('musicView', [...])
 8 SYSTEMPATH\CodeIgniter.php(919): App\Controllers\MainController->index()
 9 SYSTEMPATH\CodeIgniter.php(494): CodeIgniter\CodeIgniter->runController(Object(App\Controllers\MainController))
10 SYSTEMPATH\CodeIgniter.php(353): CodeIgniter\CodeIgniter->handleRequest(null, Object(Config\Cache), false)
11 FCPATH\index.php(79): CodeIgniter\CodeIgniter->run()
12 SYSTEMPATH\Commands\Server\rewrite.php(47): require_once('C:\\laragon\\www\\mp3\\public\\index.php')
CRITICAL - 2023-09-24 02:46:28 --> Undefined variable $playlist
in APPPATH\Views\include\modals.php on line 41.
 1 APPPATH\Views\include\modals.php(41): CodeIgniter\Debug\Exceptions->errorHandler(2, 'Undefined variable $playlist', 'C:\\laragon\\www\\mp3\\app\\Views\\include\\modals.php', 41)
 2 SYSTEMPATH\View\View.php(226): include('C:\\laragon\\www\\mp3\\app\\Views\\include\\modals.php')
 3 SYSTEMPATH\View\View.php(229): CodeIgniter\View\View->CodeIgniter\View\{closure}()
 4 SYSTEMPATH\View\View.php(467): CodeIgniter\View\View->render('include/modals', null, true)
 5 APPPATH\Views\musicView.php(3): CodeIgniter\View\View->include('include/modals')
 6 SYSTEMPATH\View\View.php(226): include('C:\\laragon\\www\\mp3\\app\\Views\\musicView.php')
 7 SYSTEMPATH\View\View.php(229): CodeIgniter\View\View->CodeIgniter\View\{closure}()
 8 SYSTEMPATH\Common.php(1188): CodeIgniter\View\View->render('musicView', [], true)
 9 APPPATH\Controllers\MainController.php(20): view('musicView', [...])
10 SYSTEMPATH\CodeIgniter.php(919): App\Controllers\MainController->index()
11 SYSTEMPATH\CodeIgniter.php(494): CodeIgniter\CodeIgniter->runController(Object(App\Controllers\MainController))
12 SYSTEMPATH\CodeIgniter.php(353): CodeIgniter\CodeIgniter->handleRequest(null, Object(Config\Cache), false)
13 FCPATH\index.php(79): CodeIgniter\CodeIgniter->run()
14 SYSTEMPATH\Commands\Server\rewrite.php(47): require_once('C:\\laragon\\www\\mp3\\public\\index.php')
CRITICAL - 2023-09-24 02:47:29 --> Undefined variable $playlist
in APPPATH\Views\include\modals.php on line 41.
 1 APPPATH\Views\include\modals.php(41): CodeIgniter\Debug\Exceptions->errorHandler(2, 'Undefined variable $playlist', 'C:\\laragon\\www\\mp3\\app\\Views\\include\\modals.php', 41)
 2 SYSTEMPATH\View\View.php(226): include('C:\\laragon\\www\\mp3\\app\\Views\\include\\modals.php')
 3 SYSTEMPATH\View\View.php(229): CodeIgniter\View\View->CodeIgniter\View\{closure}()
 4 SYSTEMPATH\View\View.php(467): CodeIgniter\View\View->render('include/modals', null, true)
 5 APPPATH\Views\musicView.php(3): CodeIgniter\View\View->include('include/modals')
 6 SYSTEMPATH\View\View.php(226): include('C:\\laragon\\www\\mp3\\app\\Views\\musicView.php')
 7 SYSTEMPATH\View\View.php(229): CodeIgniter\View\View->CodeIgniter\View\{closure}()
 8 SYSTEMPATH\Common.php(1188): CodeIgniter\View\View->render('musicView', [], true)
 9 APPPATH\Controllers\MainController.php(20): view('musicView', [...])
10 SYSTEMPATH\CodeIgniter.php(919): App\Controllers\MainController->index()
11 SYSTEMPATH\CodeIgniter.php(494): CodeIgniter\CodeIgniter->runController(Object(App\Controllers\MainController))
12 SYSTEMPATH\CodeIgniter.php(353): CodeIgniter\CodeIgniter->handleRequest(null, Object(Config\Cache), false)
13 FCPATH\index.php(79): CodeIgniter\CodeIgniter->run()
14 SYSTEMPATH\Commands\Server\rewrite.php(47): require_once('C:\\laragon\\www\\mp3\\public\\index.php')
CRITICAL - 2023-09-24 02:47:30 --> Undefined variable $playlist
in APPPATH\Views\include\modals.php on line 41.
 1 APPPATH\Views\include\modals.php(41): CodeIgniter\Debug\Exceptions->errorHandler(2, 'Undefined variable $playlist', 'C:\\laragon\\www\\mp3\\app\\Views\\include\\modals.php', 41)
 2 SYSTEMPATH\View\View.php(226): include('C:\\laragon\\www\\mp3\\app\\Views\\include\\modals.php')
 3 SYSTEMPATH\View\View.php(229): CodeIgniter\View\View->CodeIgniter\View\{closure}()
 4 SYSTEMPATH\View\View.php(467): CodeIgniter\View\View->render('include/modals', null, true)
 5 APPPATH\Views\musicView.php(3): CodeIgniter\View\View->include('include/modals')
 6 SYSTEMPATH\View\View.php(226): include('C:\\laragon\\www\\mp3\\app\\Views\\musicView.php')
 7 SYSTEMPATH\View\View.php(229): CodeIgniter\View\View->CodeIgniter\View\{closure}()
 8 SYSTEMPATH\Common.php(1188): CodeIgniter\View\View->render('musicView', [], true)
 9 APPPATH\Controllers\MainController.php(20): view('musicView', [...])
10 SYSTEMPATH\CodeIgniter.php(919): App\Controllers\MainController->index()
11 SYSTEMPATH\CodeIgniter.php(494): CodeIgniter\CodeIgniter->runController(Object(App\Controllers\MainController))
12 SYSTEMPATH\CodeIgniter.php(353): CodeIgniter\CodeIgniter->handleRequest(null, Object(Config\Cache), false)
13 FCPATH\index.php(79): CodeIgniter\CodeIgniter->run()
14 SYSTEMPATH\Commands\Server\rewrite.php(47): require_once('C:\\laragon\\www\\mp3\\public\\index.php')
CRITICAL - 2023-09-24 02:47:32 --> Undefined variable $playlist
in APPPATH\Views\include\modals.php on line 41.
 1 APPPATH\Views\include\modals.php(41): CodeIgniter\Debug\Exceptions->errorHandler(2, 'Undefined variable $playlist', 'C:\\laragon\\www\\mp3\\app\\Views\\include\\modals.php', 41)
 2 SYSTEMPATH\View\View.php(226): include('C:\\laragon\\www\\mp3\\app\\Views\\include\\modals.php')
 3 SYSTEMPATH\View\View.php(229): CodeIgniter\View\View->CodeIgniter\View\{closure}()
 4 SYSTEMPATH\View\View.php(467): CodeIgniter\View\View->render('include/modals', null, true)
 5 APPPATH\Views\musicView.php(3): CodeIgniter\View\View->include('include/modals')
 6 SYSTEMPATH\View\View.php(226): include('C:\\laragon\\www\\mp3\\app\\Views\\musicView.php')
 7 SYSTEMPATH\View\View.php(229): CodeIgniter\View\View->CodeIgniter\View\{closure}()
 8 SYSTEMPATH\Common.php(1188): CodeIgniter\View\View->render('musicView', [], true)
 9 APPPATH\Controllers\MainController.php(20): view('musicView', [...])
10 SYSTEMPATH\CodeIgniter.php(919): App\Controllers\MainController->index()
11 SYSTEMPATH\CodeIgniter.php(494): CodeIgniter\CodeIgniter->runController(Object(App\Controllers\MainController))
12 SYSTEMPATH\CodeIgniter.php(353): CodeIgniter\CodeIgniter->handleRequest(null, Object(Config\Cache), false)
13 FCPATH\index.php(79): CodeIgniter\CodeIgniter->run()
14 SYSTEMPATH\Commands\Server\rewrite.php(47): require_once('C:\\laragon\\www\\mp3\\public\\index.php')
CRITICAL - 2023-09-24 02:48:22 --> Undefined variable $playlist
in APPPATH\Views\include\modals.php on line 41.
 1 APPPATH\Views\include\modals.php(41): CodeIgniter\Debug\Exceptions->errorHandler(2, 'Undefined variable $playlist', 'C:\\laragon\\www\\mp3\\app\\Views\\include\\modals.php', 41)
 2 SYSTEMPATH\View\View.php(226): include('C:\\laragon\\www\\mp3\\app\\Views\\include\\modals.php')
 3 SYSTEMPATH\View\View.php(229): CodeIgniter\View\View->CodeIgniter\View\{closure}()
 4 SYSTEMPATH\View\View.php(467): CodeIgniter\View\View->render('include/modals', null, true)
 5 APPPATH\Views\musicView.php(3): CodeIgniter\View\View->include('include/modals')
 6 SYSTEMPATH\View\View.php(226): include('C:\\laragon\\www\\mp3\\app\\Views\\musicView.php')
 7 SYSTEMPATH\View\View.php(229): CodeIgniter\View\View->CodeIgniter\View\{closure}()
 8 SYSTEMPATH\Common.php(1188): CodeIgniter\View\View->render('musicView', [], true)
 9 APPPATH\Controllers\MainController.php(20): view('musicView', [...])
10 SYSTEMPATH\CodeIgniter.php(919): App\Controllers\MainController->index()
11 SYSTEMPATH\CodeIgniter.php(494): CodeIgniter\CodeIgniter->runController(Object(App\Controllers\MainController))
12 SYSTEMPATH\CodeIgniter.php(353): CodeIgniter\CodeIgniter->handleRequest(null, Object(Config\Cache), false)
13 FCPATH\index.php(79): CodeIgniter\CodeIgniter->run()
14 SYSTEMPATH\Commands\Server\rewrite.php(47): require_once('C:\\laragon\\www\\mp3\\public\\index.php')
CRITICAL - 2023-09-24 02:48:23 --> Undefined variable $playlist
in APPPATH\Views\include\modals.php on line 41.
 1 APPPATH\Views\include\modals.php(41): CodeIgniter\Debug\Exceptions->errorHandler(2, 'Undefined variable $playlist', 'C:\\laragon\\www\\mp3\\app\\Views\\include\\modals.php', 41)
 2 SYSTEMPATH\View\View.php(226): include('C:\\laragon\\www\\mp3\\app\\Views\\include\\modals.php')
 3 SYSTEMPATH\View\View.php(229): CodeIgniter\View\View->CodeIgniter\View\{closure}()
 4 SYSTEMPATH\View\View.php(467): CodeIgniter\View\View->render('include/modals', null, true)
 5 APPPATH\Views\musicView.php(3): CodeIgniter\View\View->include('include/modals')
 6 SYSTEMPATH\View\View.php(226): include('C:\\laragon\\www\\mp3\\app\\Views\\musicView.php')
 7 SYSTEMPATH\View\View.php(229): CodeIgniter\View\View->CodeIgniter\View\{closure}()
 8 SYSTEMPATH\Common.php(1188): CodeIgniter\View\View->render('musicView', [], true)
 9 APPPATH\Controllers\MainController.php(20): view('musicView', [...])
10 SYSTEMPATH\CodeIgniter.php(919): App\Controllers\MainController->index()
11 SYSTEMPATH\CodeIgniter.php(494): CodeIgniter\CodeIgniter->runController(Object(App\Controllers\MainController))
12 SYSTEMPATH\CodeIgniter.php(353): CodeIgniter\CodeIgniter->handleRequest(null, Object(Config\Cache), false)
13 FCPATH\index.php(79): CodeIgniter\CodeIgniter->run()
14 SYSTEMPATH\Commands\Server\rewrite.php(47): require_once('C:\\laragon\\www\\mp3\\public\\index.php')
CRITICAL - 2023-09-24 02:48:23 --> Undefined variable $playlist
in APPPATH\Views\include\modals.php on line 41.
 1 APPPATH\Views\include\modals.php(41): CodeIgniter\Debug\Exceptions->errorHandler(2, 'Undefined variable $playlist', 'C:\\laragon\\www\\mp3\\app\\Views\\include\\modals.php', 41)
 2 SYSTEMPATH\View\View.php(226): include('C:\\laragon\\www\\mp3\\app\\Views\\include\\modals.php')
 3 SYSTEMPATH\View\View.php(229): CodeIgniter\View\View->CodeIgniter\View\{closure}()
 4 SYSTEMPATH\View\View.php(467): CodeIgniter\View\View->render('include/modals', null, true)
 5 APPPATH\Views\musicView.php(3): CodeIgniter\View\View->include('include/modals')
 6 SYSTEMPATH\View\View.php(226): include('C:\\laragon\\www\\mp3\\app\\Views\\musicView.php')
 7 SYSTEMPATH\View\View.php(229): CodeIgniter\View\View->CodeIgniter\View\{closure}()
 8 SYSTEMPATH\Common.php(1188): CodeIgniter\View\View->render('musicView', [], true)
 9 APPPATH\Controllers\MainController.php(20): view('musicView', [...])
10 SYSTEMPATH\CodeIgniter.php(919): App\Controllers\MainController->index()
11 SYSTEMPATH\CodeIgniter.php(494): CodeIgniter\CodeIgniter->runController(Object(App\Controllers\MainController))
12 SYSTEMPATH\CodeIgniter.php(353): CodeIgniter\CodeIgniter->handleRequest(null, Object(Config\Cache), false)
13 FCPATH\index.php(79): CodeIgniter\CodeIgniter->run()
14 SYSTEMPATH\Commands\Server\rewrite.php(47): require_once('C:\\laragon\\www\\mp3\\public\\index.php')
CRITICAL - 2023-09-24 02:48:42 --> Undefined variable $playlist
in APPPATH\Views\include\modals.php on line 41.
 1 APPPATH\Views\include\modals.php(41): CodeIgniter\Debug\Exceptions->errorHandler(2, 'Undefined variable $playlist', 'C:\\laragon\\www\\mp3\\app\\Views\\include\\modals.php', 41)
 2 SYSTEMPATH\View\View.php(226): include('C:\\laragon\\www\\mp3\\app\\Views\\include\\modals.php')
 3 SYSTEMPATH\View\View.php(229): CodeIgniter\View\View->CodeIgniter\View\{closure}()
 4 SYSTEMPATH\View\View.php(467): CodeIgniter\View\View->render('include/modals', null, true)
 5 APPPATH\Views\musicView.php(3): CodeIgniter\View\View->include('include/modals')
 6 SYSTEMPATH\View\View.php(226): include('C:\\laragon\\www\\mp3\\app\\Views\\musicView.php')
 7 SYSTEMPATH\View\View.php(229): CodeIgniter\View\View->CodeIgniter\View\{closure}()
 8 SYSTEMPATH\Common.php(1188): CodeIgniter\View\View->render('musicView', [], true)
 9 APPPATH\Controllers\MainController.php(20): view('musicView', [...])
10 SYSTEMPATH\CodeIgniter.php(919): App\Controllers\MainController->index()
11 SYSTEMPATH\CodeIgniter.php(494): CodeIgniter\CodeIgniter->runController(Object(App\Controllers\MainController))
12 SYSTEMPATH\CodeIgniter.php(353): CodeIgniter\CodeIgniter->handleRequest(null, Object(Config\Cache), false)
13 FCPATH\index.php(79): CodeIgniter\CodeIgniter->run()
14 SYSTEMPATH\Commands\Server\rewrite.php(47): require_once('C:\\laragon\\www\\mp3\\public\\index.php')
CRITICAL - 2023-09-24 02:48:42 --> Undefined variable $playlist
in APPPATH\Views\include\modals.php on line 41.
 1 APPPATH\Views\include\modals.php(41): CodeIgniter\Debug\Exceptions->errorHandler(2, 'Undefined variable $playlist', 'C:\\laragon\\www\\mp3\\app\\Views\\include\\modals.php', 41)
 2 SYSTEMPATH\View\View.php(226): include('C:\\laragon\\www\\mp3\\app\\Views\\include\\modals.php')
 3 SYSTEMPATH\View\View.php(229): CodeIgniter\View\View->CodeIgniter\View\{closure}()
 4 SYSTEMPATH\View\View.php(467): CodeIgniter\View\View->render('include/modals', null, true)
 5 APPPATH\Views\musicView.php(3): CodeIgniter\View\View->include('include/modals')
 6 SYSTEMPATH\View\View.php(226): include('C:\\laragon\\www\\mp3\\app\\Views\\musicView.php')
 7 SYSTEMPATH\View\View.php(229): CodeIgniter\View\View->CodeIgniter\View\{closure}()
 8 SYSTEMPATH\Common.php(1188): CodeIgniter\View\View->render('musicView', [], true)
 9 APPPATH\Controllers\MainController.php(20): view('musicView', [...])
10 SYSTEMPATH\CodeIgniter.php(919): App\Controllers\MainController->index()
11 SYSTEMPATH\CodeIgniter.php(494): CodeIgniter\CodeIgniter->runController(Object(App\Controllers\MainController))
12 SYSTEMPATH\CodeIgniter.php(353): CodeIgniter\CodeIgniter->handleRequest(null, Object(Config\Cache), false)
13 FCPATH\index.php(79): CodeIgniter\CodeIgniter->run()
14 SYSTEMPATH\Commands\Server\rewrite.php(47): require_once('C:\\laragon\\www\\mp3\\public\\index.php')
CRITICAL - 2023-09-24 02:48:43 --> Undefined variable $playlist
in APPPATH\Views\include\modals.php on line 41.
 1 APPPATH\Views\include\modals.php(41): CodeIgniter\Debug\Exceptions->errorHandler(2, 'Undefined variable $playlist', 'C:\\laragon\\www\\mp3\\app\\Views\\include\\modals.php', 41)
 2 SYSTEMPATH\View\View.php(226): include('C:\\laragon\\www\\mp3\\app\\Views\\include\\modals.php')
 3 SYSTEMPATH\View\View.php(229): CodeIgniter\View\View->CodeIgniter\View\{closure}()
 4 SYSTEMPATH\View\View.php(467): CodeIgniter\View\View->render('include/modals', null, true)
 5 APPPATH\Views\musicView.php(3): CodeIgniter\View\View->include('include/modals')
 6 SYSTEMPATH\View\View.php(226): include('C:\\laragon\\www\\mp3\\app\\Views\\musicView.php')
 7 SYSTEMPATH\View\View.php(229): CodeIgniter\View\View->CodeIgniter\View\{closure}()
 8 SYSTEMPATH\Common.php(1188): CodeIgniter\View\View->render('musicView', [], true)
 9 APPPATH\Controllers\MainController.php(20): view('musicView', [...])
10 SYSTEMPATH\CodeIgniter.php(919): App\Controllers\MainController->index()
11 SYSTEMPATH\CodeIgniter.php(494): CodeIgniter\CodeIgniter->runController(Object(App\Controllers\MainController))
12 SYSTEMPATH\CodeIgniter.php(353): CodeIgniter\CodeIgniter->handleRequest(null, Object(Config\Cache), false)
13 FCPATH\index.php(79): CodeIgniter\CodeIgniter->run()
14 SYSTEMPATH\Commands\Server\rewrite.php(47): require_once('C:\\laragon\\www\\mp3\\public\\index.php')
CRITICAL - 2023-09-24 02:48:52 --> Undefined variable $playlist
in APPPATH\Views\include\modals.php on line 41.
 1 APPPATH\Views\include\modals.php(41): CodeIgniter\Debug\Exceptions->errorHandler(2, 'Undefined variable $playlist', 'C:\\laragon\\www\\mp3\\app\\Views\\include\\modals.php', 41)
 2 SYSTEMPATH\View\View.php(226): include('C:\\laragon\\www\\mp3\\app\\Views\\include\\modals.php')
 3 SYSTEMPATH\View\View.php(229): CodeIgniter\View\View->CodeIgniter\View\{closure}()
 4 SYSTEMPATH\View\View.php(467): CodeIgniter\View\View->render('include/modals', null, true)
 5 APPPATH\Views\musicView.php(3): CodeIgniter\View\View->include('include/modals')
 6 SYSTEMPATH\View\View.php(226): include('C:\\laragon\\www\\mp3\\app\\Views\\musicView.php')
 7 SYSTEMPATH\View\View.php(229): CodeIgniter\View\View->CodeIgniter\View\{closure}()
 8 SYSTEMPATH\Common.php(1188): CodeIgniter\View\View->render('musicView', [], true)
 9 APPPATH\Controllers\MainController.php(20): view('musicView', [...])
10 SYSTEMPATH\CodeIgniter.php(919): App\Controllers\MainController->index()
11 SYSTEMPATH\CodeIgniter.php(494): CodeIgniter\CodeIgniter->runController(Object(App\Controllers\MainController))
12 SYSTEMPATH\CodeIgniter.php(353): CodeIgniter\CodeIgniter->handleRequest(null, Object(Config\Cache), false)
13 FCPATH\index.php(79): CodeIgniter\CodeIgniter->run()
14 SYSTEMPATH\Commands\Server\rewrite.php(47): require_once('C:\\laragon\\www\\mp3\\public\\index.php')
CRITICAL - 2023-09-24 02:48:53 --> Undefined variable $playlist
in APPPATH\Views\include\modals.php on line 41.
 1 APPPATH\Views\include\modals.php(41): CodeIgniter\Debug\Exceptions->errorHandler(2, 'Undefined variable $playlist', 'C:\\laragon\\www\\mp3\\app\\Views\\include\\modals.php', 41)
 2 SYSTEMPATH\View\View.php(226): include('C:\\laragon\\www\\mp3\\app\\Views\\include\\modals.php')
 3 SYSTEMPATH\View\View.php(229): CodeIgniter\View\View->CodeIgniter\View\{closure}()
 4 SYSTEMPATH\View\View.php(467): CodeIgniter\View\View->render('include/modals', null, true)
 5 APPPATH\Views\musicView.php(3): CodeIgniter\View\View->include('include/modals')
 6 SYSTEMPATH\View\View.php(226): include('C:\\laragon\\www\\mp3\\app\\Views\\musicView.php')
 7 SYSTEMPATH\View\View.php(229): CodeIgniter\View\View->CodeIgniter\View\{closure}()
 8 SYSTEMPATH\Common.php(1188): CodeIgniter\View\View->render('musicView', [], true)
 9 APPPATH\Controllers\MainController.php(20): view('musicView', [...])
10 SYSTEMPATH\CodeIgniter.php(919): App\Controllers\MainController->index()
11 SYSTEMPATH\CodeIgniter.php(494): CodeIgniter\CodeIgniter->runController(Object(App\Controllers\MainController))
12 SYSTEMPATH\CodeIgniter.php(353): CodeIgniter\CodeIgniter->handleRequest(null, Object(Config\Cache), false)
13 FCPATH\index.php(79): CodeIgniter\CodeIgniter->run()
14 SYSTEMPATH\Commands\Server\rewrite.php(47): require_once('C:\\laragon\\www\\mp3\\public\\index.php')
CRITICAL - 2023-09-24 02:48:53 --> Undefined variable $playlist
in APPPATH\Views\include\modals.php on line 41.
 1 APPPATH\Views\include\modals.php(41): CodeIgniter\Debug\Exceptions->errorHandler(2, 'Undefined variable $playlist', 'C:\\laragon\\www\\mp3\\app\\Views\\include\\modals.php', 41)
 2 SYSTEMPATH\View\View.php(226): include('C:\\laragon\\www\\mp3\\app\\Views\\include\\modals.php')
 3 SYSTEMPATH\View\View.php(229): CodeIgniter\View\View->CodeIgniter\View\{closure}()
 4 SYSTEMPATH\View\View.php(467): CodeIgniter\View\View->render('include/modals', null, true)
 5 APPPATH\Views\musicView.php(3): CodeIgniter\View\View->include('include/modals')
 6 SYSTEMPATH\View\View.php(226): include('C:\\laragon\\www\\mp3\\app\\Views\\musicView.php')
 7 SYSTEMPATH\View\View.php(229): CodeIgniter\View\View->CodeIgniter\View\{closure}()
 8 SYSTEMPATH\Common.php(1188): CodeIgniter\View\View->render('musicView', [], true)
 9 APPPATH\Controllers\MainController.php(20): view('musicView', [...])
10 SYSTEMPATH\CodeIgniter.php(919): App\Controllers\MainController->index()
11 SYSTEMPATH\CodeIgniter.php(494): CodeIgniter\CodeIgniter->runController(Object(App\Controllers\MainController))
12 SYSTEMPATH\CodeIgniter.php(353): CodeIgniter\CodeIgniter->handleRequest(null, Object(Config\Cache), false)
13 FCPATH\index.php(79): CodeIgniter\CodeIgniter->run()
14 SYSTEMPATH\Commands\Server\rewrite.php(47): require_once('C:\\laragon\\www\\mp3\\public\\index.php')
CRITICAL - 2023-09-24 02:48:53 --> Undefined variable $playlist
in APPPATH\Views\include\modals.php on line 41.
 1 APPPATH\Views\include\modals.php(41): CodeIgniter\Debug\Exceptions->errorHandler(2, 'Undefined variable $playlist', 'C:\\laragon\\www\\mp3\\app\\Views\\include\\modals.php', 41)
 2 SYSTEMPATH\View\View.php(226): include('C:\\laragon\\www\\mp3\\app\\Views\\include\\modals.php')
 3 SYSTEMPATH\View\View.php(229): CodeIgniter\View\View->CodeIgniter\View\{closure}()
 4 SYSTEMPATH\View\View.php(467): CodeIgniter\View\View->render('include/modals', null, true)
 5 APPPATH\Views\musicView.php(3): CodeIgniter\View\View->include('include/modals')
 6 SYSTEMPATH\View\View.php(226): include('C:\\laragon\\www\\mp3\\app\\Views\\musicView.php')
 7 SYSTEMPATH\View\View.php(229): CodeIgniter\View\View->CodeIgniter\View\{closure}()
 8 SYSTEMPATH\Common.php(1188): CodeIgniter\View\View->render('musicView', [], true)
 9 APPPATH\Controllers\MainController.php(20): view('musicView', [...])
10 SYSTEMPATH\CodeIgniter.php(919): App\Controllers\MainController->index()
11 SYSTEMPATH\CodeIgniter.php(494): CodeIgniter\CodeIgniter->runController(Object(App\Controllers\MainController))
12 SYSTEMPATH\CodeIgniter.php(353): CodeIgniter\CodeIgniter->handleRequest(null, Object(Config\Cache), false)
13 FCPATH\index.php(79): CodeIgniter\CodeIgniter->run()
14 SYSTEMPATH\Commands\Server\rewrite.php(47): require_once('C:\\laragon\\www\\mp3\\public\\index.php')
CRITICAL - 2023-09-24 02:49:00 --> Undefined variable $playlist
in APPPATH\Views\include\modals.php on line 41.
 1 APPPATH\Views\include\modals.php(41): CodeIgniter\Debug\Exceptions->errorHandler(2, 'Undefined variable $playlist', 'C:\\laragon\\www\\mp3\\app\\Views\\include\\modals.php', 41)
 2 SYSTEMPATH\View\View.php(226): include('C:\\laragon\\www\\mp3\\app\\Views\\include\\modals.php')
 3 SYSTEMPATH\View\View.php(229): CodeIgniter\View\View->CodeIgniter\View\{closure}()
 4 SYSTEMPATH\View\View.php(467): CodeIgniter\View\View->render('include/modals', null, true)
 5 APPPATH\Views\musicView.php(3): CodeIgniter\View\View->include('include/modals')
 6 SYSTEMPATH\View\View.php(226): include('C:\\laragon\\www\\mp3\\app\\Views\\musicView.php')
 7 SYSTEMPATH\View\View.php(229): CodeIgniter\View\View->CodeIgniter\View\{closure}()
 8 SYSTEMPATH\Common.php(1188): CodeIgniter\View\View->render('musicView', [], true)
 9 APPPATH\Controllers\MainController.php(20): view('musicView', [...])
10 SYSTEMPATH\CodeIgniter.php(919): App\Controllers\MainController->index()
11 SYSTEMPATH\CodeIgniter.php(494): CodeIgniter\CodeIgniter->runController(Object(App\Controllers\MainController))
12 SYSTEMPATH\CodeIgniter.php(353): CodeIgniter\CodeIgniter->handleRequest(null, Object(Config\Cache), false)
13 FCPATH\index.php(79): CodeIgniter\CodeIgniter->run()
14 SYSTEMPATH\Commands\Server\rewrite.php(47): require_once('C:\\laragon\\www\\mp3\\public\\index.php')
CRITICAL - 2023-09-24 02:50:44 --> Undefined variable $playlist
in APPPATH\Views\include\modals.php on line 41.
 1 APPPATH\Views\include\modals.php(41): CodeIgniter\Debug\Exceptions->errorHandler(2, 'Undefined variable $playlist', 'C:\\laragon\\www\\mp3\\app\\Views\\include\\modals.php', 41)
 2 SYSTEMPATH\View\View.php(226): include('C:\\laragon\\www\\mp3\\app\\Views\\include\\modals.php')
 3 SYSTEMPATH\View\View.php(229): CodeIgniter\View\View->CodeIgniter\View\{closure}()
 4 SYSTEMPATH\View\View.php(467): CodeIgniter\View\View->render('include/modals', null, true)
 5 APPPATH\Views\musicView.php(3): CodeIgniter\View\View->include('include/modals')
 6 SYSTEMPATH\View\View.php(226): include('C:\\laragon\\www\\mp3\\app\\Views\\musicView.php')
 7 SYSTEMPATH\View\View.php(229): CodeIgniter\View\View->CodeIgniter\View\{closure}()
 8 SYSTEMPATH\Common.php(1188): CodeIgniter\View\View->render('musicView', [], true)
 9 APPPATH\Controllers\MainController.php(20): view('musicView', [...])
10 SYSTEMPATH\CodeIgniter.php(919): App\Controllers\MainController->index()
11 SYSTEMPATH\CodeIgniter.php(494): CodeIgniter\CodeIgniter->runController(Object(App\Controllers\MainController))
12 SYSTEMPATH\CodeIgniter.php(353): CodeIgniter\CodeIgniter->handleRequest(null, Object(Config\Cache), false)
13 FCPATH\index.php(79): CodeIgniter\CodeIgniter->run()
14 SYSTEMPATH\Commands\Server\rewrite.php(47): require_once('C:\\laragon\\www\\mp3\\public\\index.php')
CRITICAL - 2023-09-24 02:52:46 --> Undefined variable $playlists
in APPPATH\Views\include\modals.php on line 41.
 1 APPPATH\Views\include\modals.php(41): CodeIgniter\Debug\Exceptions->errorHandler(2, 'Undefined variable $playlists', 'C:\\laragon\\www\\mp3\\app\\Views\\include\\modals.php', 41)
 2 SYSTEMPATH\View\View.php(226): include('C:\\laragon\\www\\mp3\\app\\Views\\include\\modals.php')
 3 SYSTEMPATH\View\View.php(229): CodeIgniter\View\View->CodeIgniter\View\{closure}()
 4 SYSTEMPATH\View\View.php(467): CodeIgniter\View\View->render('include/modals', null, true)
 5 APPPATH\Views\musicView.php(3): CodeIgniter\View\View->include('include/modals')
 6 SYSTEMPATH\View\View.php(226): include('C:\\laragon\\www\\mp3\\app\\Views\\musicView.php')
 7 SYSTEMPATH\View\View.php(229): CodeIgniter\View\View->CodeIgniter\View\{closure}()
 8 SYSTEMPATH\Common.php(1188): CodeIgniter\View\View->render('musicView', [], true)
 9 APPPATH\Controllers\MainController.php(20): view('musicView', [...])
10 SYSTEMPATH\CodeIgniter.php(919): App\Controllers\MainController->index()
11 SYSTEMPATH\CodeIgniter.php(494): CodeIgniter\CodeIgniter->runController(Object(App\Controllers\MainController))
12 SYSTEMPATH\CodeIgniter.php(353): CodeIgniter\CodeIgniter->handleRequest(null, Object(Config\Cache), false)
13 FCPATH\index.php(79): CodeIgniter\CodeIgniter->run()
14 SYSTEMPATH\Commands\Server\rewrite.php(47): require_once('C:\\laragon\\www\\mp3\\public\\index.php')
CRITICAL - 2023-09-24 02:52:46 --> Undefined variable $playlists
in APPPATH\Views\include\modals.php on line 41.
 1 APPPATH\Views\include\modals.php(41): CodeIgniter\Debug\Exceptions->errorHandler(2, 'Undefined variable $playlists', 'C:\\laragon\\www\\mp3\\app\\Views\\include\\modals.php', 41)
 2 SYSTEMPATH\View\View.php(226): include('C:\\laragon\\www\\mp3\\app\\Views\\include\\modals.php')
 3 SYSTEMPATH\View\View.php(229): CodeIgniter\View\View->CodeIgniter\View\{closure}()
 4 SYSTEMPATH\View\View.php(467): CodeIgniter\View\View->render('include/modals', null, true)
 5 APPPATH\Views\musicView.php(3): CodeIgniter\View\View->include('include/modals')
 6 SYSTEMPATH\View\View.php(226): include('C:\\laragon\\www\\mp3\\app\\Views\\musicView.php')
 7 SYSTEMPATH\View\View.php(229): CodeIgniter\View\View->CodeIgniter\View\{closure}()
 8 SYSTEMPATH\Common.php(1188): CodeIgniter\View\View->render('musicView', [], true)
 9 APPPATH\Controllers\MainController.php(20): view('musicView', [...])
10 SYSTEMPATH\CodeIgniter.php(919): App\Controllers\MainController->index()
11 SYSTEMPATH\CodeIgniter.php(494): CodeIgniter\CodeIgniter->runController(Object(App\Controllers\MainController))
12 SYSTEMPATH\CodeIgniter.php(353): CodeIgniter\CodeIgniter->handleRequest(null, Object(Config\Cache), false)
13 FCPATH\index.php(79): CodeIgniter\CodeIgniter->run()
14 SYSTEMPATH\Commands\Server\rewrite.php(47): require_once('C:\\laragon\\www\\mp3\\public\\index.php')
CRITICAL - 2023-09-24 02:52:47 --> Undefined variable $playlists
in APPPATH\Views\include\modals.php on line 41.
 1 APPPATH\Views\include\modals.php(41): CodeIgniter\Debug\Exceptions->errorHandler(2, 'Undefined variable $playlists', 'C:\\laragon\\www\\mp3\\app\\Views\\include\\modals.php', 41)
 2 SYSTEMPATH\View\View.php(226): include('C:\\laragon\\www\\mp3\\app\\Views\\include\\modals.php')
 3 SYSTEMPATH\View\View.php(229): CodeIgniter\View\View->CodeIgniter\View\{closure}()
 4 SYSTEMPATH\View\View.php(467): CodeIgniter\View\View->render('include/modals', null, true)
 5 APPPATH\Views\musicView.php(3): CodeIgniter\View\View->include('include/modals')
 6 SYSTEMPATH\View\View.php(226): include('C:\\laragon\\www\\mp3\\app\\Views\\musicView.php')
 7 SYSTEMPATH\View\View.php(229): CodeIgniter\View\View->CodeIgniter\View\{closure}()
 8 SYSTEMPATH\Common.php(1188): CodeIgniter\View\View->render('musicView', [], true)
 9 APPPATH\Controllers\MainController.php(20): view('musicView', [...])
10 SYSTEMPATH\CodeIgniter.php(919): App\Controllers\MainController->index()
11 SYSTEMPATH\CodeIgniter.php(494): CodeIgniter\CodeIgniter->runController(Object(App\Controllers\MainController))
12 SYSTEMPATH\CodeIgniter.php(353): CodeIgniter\CodeIgniter->handleRequest(null, Object(Config\Cache), false)
13 FCPATH\index.php(79): CodeIgniter\CodeIgniter->run()
14 SYSTEMPATH\Commands\Server\rewrite.php(47): require_once('C:\\laragon\\www\\mp3\\public\\index.php')
CRITICAL - 2023-09-24 02:53:02 --> Undefined variable $playlists
in APPPATH\Views\include\modals.php on line 41.
 1 APPPATH\Views\include\modals.php(41): CodeIgniter\Debug\Exceptions->errorHandler(2, 'Undefined variable $playlists', 'C:\\laragon\\www\\mp3\\app\\Views\\include\\modals.php', 41)
 2 SYSTEMPATH\View\View.php(226): include('C:\\laragon\\www\\mp3\\app\\Views\\include\\modals.php')
 3 SYSTEMPATH\View\View.php(229): CodeIgniter\View\View->CodeIgniter\View\{closure}()
 4 SYSTEMPATH\View\View.php(467): CodeIgniter\View\View->render('include/modals', null, true)
 5 APPPATH\Views\musicView.php(3): CodeIgniter\View\View->include('include/modals')
 6 SYSTEMPATH\View\View.php(226): include('C:\\laragon\\www\\mp3\\app\\Views\\musicView.php')
 7 SYSTEMPATH\View\View.php(229): CodeIgniter\View\View->CodeIgniter\View\{closure}()
 8 SYSTEMPATH\Common.php(1188): CodeIgniter\View\View->render('musicView', [], true)
 9 APPPATH\Controllers\MainController.php(20): view('musicView', [...])
10 SYSTEMPATH\CodeIgniter.php(919): App\Controllers\MainController->index()
11 SYSTEMPATH\CodeIgniter.php(494): CodeIgniter\CodeIgniter->runController(Object(App\Controllers\MainController))
12 SYSTEMPATH\CodeIgniter.php(353): CodeIgniter\CodeIgniter->handleRequest(null, Object(Config\Cache), false)
13 FCPATH\index.php(79): CodeIgniter\CodeIgniter->run()
14 SYSTEMPATH\Commands\Server\rewrite.php(47): require_once('C:\\laragon\\www\\mp3\\public\\index.php')
CRITICAL - 2023-09-24 02:53:02 --> Undefined variable $playlists
in APPPATH\Views\include\modals.php on line 41.
 1 APPPATH\Views\include\modals.php(41): CodeIgniter\Debug\Exceptions->errorHandler(2, 'Undefined variable $playlists', 'C:\\laragon\\www\\mp3\\app\\Views\\include\\modals.php', 41)
 2 SYSTEMPATH\View\View.php(226): include('C:\\laragon\\www\\mp3\\app\\Views\\include\\modals.php')
 3 SYSTEMPATH\View\View.php(229): CodeIgniter\View\View->CodeIgniter\View\{closure}()
 4 SYSTEMPATH\View\View.php(467): CodeIgniter\View\View->render('include/modals', null, true)
 5 APPPATH\Views\musicView.php(3): CodeIgniter\View\View->include('include/modals')
 6 SYSTEMPATH\View\View.php(226): include('C:\\laragon\\www\\mp3\\app\\Views\\musicView.php')
 7 SYSTEMPATH\View\View.php(229): CodeIgniter\View\View->CodeIgniter\View\{closure}()
 8 SYSTEMPATH\Common.php(1188): CodeIgniter\View\View->render('musicView', [], true)
 9 APPPATH\Controllers\MainController.php(20): view('musicView', [...])
10 SYSTEMPATH\CodeIgniter.php(919): App\Controllers\MainController->index()
11 SYSTEMPATH\CodeIgniter.php(494): CodeIgniter\CodeIgniter->runController(Object(App\Controllers\MainController))
12 SYSTEMPATH\CodeIgniter.php(353): CodeIgniter\CodeIgniter->handleRequest(null, Object(Config\Cache), false)
13 FCPATH\index.php(79): CodeIgniter\CodeIgniter->run()
14 SYSTEMPATH\Commands\Server\rewrite.php(47): require_once('C:\\laragon\\www\\mp3\\public\\index.php')
CRITICAL - 2023-09-24 02:53:08 --> Undefined variable $playlists
in APPPATH\Views\include\modals.php on line 41.
 1 APPPATH\Views\include\modals.php(41): CodeIgniter\Debug\Exceptions->errorHandler(2, 'Undefined variable $playlists', 'C:\\laragon\\www\\mp3\\app\\Views\\include\\modals.php', 41)
 2 SYSTEMPATH\View\View.php(226): include('C:\\laragon\\www\\mp3\\app\\Views\\include\\modals.php')
 3 SYSTEMPATH\View\View.php(229): CodeIgniter\View\View->CodeIgniter\View\{closure}()
 4 SYSTEMPATH\View\View.php(467): CodeIgniter\View\View->render('include/modals', null, true)
 5 APPPATH\Views\musicView.php(3): CodeIgniter\View\View->include('include/modals')
 6 SYSTEMPATH\View\View.php(226): include('C:\\laragon\\www\\mp3\\app\\Views\\musicView.php')
 7 SYSTEMPATH\View\View.php(229): CodeIgniter\View\View->CodeIgniter\View\{closure}()
 8 SYSTEMPATH\Common.php(1188): CodeIgniter\View\View->render('musicView', [], true)
 9 APPPATH\Controllers\MainController.php(20): view('musicView', [...])
10 SYSTEMPATH\CodeIgniter.php(919): App\Controllers\MainController->index()
11 SYSTEMPATH\CodeIgniter.php(494): CodeIgniter\CodeIgniter->runController(Object(App\Controllers\MainController))
12 SYSTEMPATH\CodeIgniter.php(353): CodeIgniter\CodeIgniter->handleRequest(null, Object(Config\Cache), false)
13 FCPATH\index.php(79): CodeIgniter\CodeIgniter->run()
14 SYSTEMPATH\Commands\Server\rewrite.php(47): require_once('C:\\laragon\\www\\mp3\\public\\index.php')
CRITICAL - 2023-09-24 02:53:09 --> Undefined variable $playlists
in APPPATH\Views\include\modals.php on line 41.
 1 APPPATH\Views\include\modals.php(41): CodeIgniter\Debug\Exceptions->errorHandler(2, 'Undefined variable $playlists', 'C:\\laragon\\www\\mp3\\app\\Views\\include\\modals.php', 41)
 2 SYSTEMPATH\View\View.php(226): include('C:\\laragon\\www\\mp3\\app\\Views\\include\\modals.php')
 3 SYSTEMPATH\View\View.php(229): CodeIgniter\View\View->CodeIgniter\View\{closure}()
 4 SYSTEMPATH\View\View.php(467): CodeIgniter\View\View->render('include/modals', null, true)
 5 APPPATH\Views\musicView.php(3): CodeIgniter\View\View->include('include/modals')
 6 SYSTEMPATH\View\View.php(226): include('C:\\laragon\\www\\mp3\\app\\Views\\musicView.php')
 7 SYSTEMPATH\View\View.php(229): CodeIgniter\View\View->CodeIgniter\View\{closure}()
 8 SYSTEMPATH\Common.php(1188): CodeIgniter\View\View->render('musicView', [], true)
 9 APPPATH\Controllers\MainController.php(20): view('musicView', [...])
10 SYSTEMPATH\CodeIgniter.php(919): App\Controllers\MainController->index()
11 SYSTEMPATH\CodeIgniter.php(494): CodeIgniter\CodeIgniter->runController(Object(App\Controllers\MainController))
12 SYSTEMPATH\CodeIgniter.php(353): CodeIgniter\CodeIgniter->handleRequest(null, Object(Config\Cache), false)
13 FCPATH\index.php(79): CodeIgniter\CodeIgniter->run()
14 SYSTEMPATH\Commands\Server\rewrite.php(47): require_once('C:\\laragon\\www\\mp3\\public\\index.php')
CRITICAL - 2023-09-24 02:53:11 --> Undefined variable $playlists
in APPPATH\Views\include\modals.php on line 41.
 1 APPPATH\Views\include\modals.php(41): CodeIgniter\Debug\Exceptions->errorHandler(2, 'Undefined variable $playlists', 'C:\\laragon\\www\\mp3\\app\\Views\\include\\modals.php', 41)
 2 SYSTEMPATH\View\View.php(226): include('C:\\laragon\\www\\mp3\\app\\Views\\include\\modals.php')
 3 SYSTEMPATH\View\View.php(229): CodeIgniter\View\View->CodeIgniter\View\{closure}()
 4 SYSTEMPATH\View\View.php(467): CodeIgniter\View\View->render('include/modals', null, true)
 5 APPPATH\Views\musicView.php(3): CodeIgniter\View\View->include('include/modals')
 6 SYSTEMPATH\View\View.php(226): include('C:\\laragon\\www\\mp3\\app\\Views\\musicView.php')
 7 SYSTEMPATH\View\View.php(229): CodeIgniter\View\View->CodeIgniter\View\{closure}()
 8 SYSTEMPATH\Common.php(1188): CodeIgniter\View\View->render('musicView', [], true)
 9 APPPATH\Controllers\MainController.php(20): view('musicView', [...])
10 SYSTEMPATH\CodeIgniter.php(919): App\Controllers\MainController->index()
11 SYSTEMPATH\CodeIgniter.php(494): CodeIgniter\CodeIgniter->runController(Object(App\Controllers\MainController))
12 SYSTEMPATH\CodeIgniter.php(353): CodeIgniter\CodeIgniter->handleRequest(null, Object(Config\Cache), false)
13 FCPATH\index.php(79): CodeIgniter\CodeIgniter->run()
14 SYSTEMPATH\Commands\Server\rewrite.php(47): require_once('C:\\laragon\\www\\mp3\\public\\index.php')
CRITICAL - 2023-09-24 02:53:31 --> Undefined variable $playlists
in APPPATH\Views\include\modals.php on line 41.
 1 APPPATH\Views\include\modals.php(41): CodeIgniter\Debug\Exceptions->errorHandler(2, 'Undefined variable $playlists', 'C:\\laragon\\www\\mp3\\app\\Views\\include\\modals.php', 41)
 2 SYSTEMPATH\View\View.php(226): include('C:\\laragon\\www\\mp3\\app\\Views\\include\\modals.php')
 3 SYSTEMPATH\View\View.php(229): CodeIgniter\View\View->CodeIgniter\View\{closure}()
 4 SYSTEMPATH\View\View.php(467): CodeIgniter\View\View->render('include/modals', null, true)
 5 APPPATH\Views\musicView.php(3): CodeIgniter\View\View->include('include/modals')
 6 SYSTEMPATH\View\View.php(226): include('C:\\laragon\\www\\mp3\\app\\Views\\musicView.php')
 7 SYSTEMPATH\View\View.php(229): CodeIgniter\View\View->CodeIgniter\View\{closure}()
 8 SYSTEMPATH\Common.php(1188): CodeIgniter\View\View->render('musicView', [], true)
 9 APPPATH\Controllers\MainController.php(20): view('musicView', [...])
10 SYSTEMPATH\CodeIgniter.php(919): App\Controllers\MainController->index()
11 SYSTEMPATH\CodeIgniter.php(494): CodeIgniter\CodeIgniter->runController(Object(App\Controllers\MainController))
12 SYSTEMPATH\CodeIgniter.php(353): CodeIgniter\CodeIgniter->handleRequest(null, Object(Config\Cache), false)
13 FCPATH\index.php(79): CodeIgniter\CodeIgniter->run()
14 SYSTEMPATH\Commands\Server\rewrite.php(47): require_once('C:\\laragon\\www\\mp3\\public\\index.php')
CRITICAL - 2023-09-24 02:53:32 --> Undefined variable $playlists
in APPPATH\Views\include\modals.php on line 41.
 1 APPPATH\Views\include\modals.php(41): CodeIgniter\Debug\Exceptions->errorHandler(2, 'Undefined variable $playlists', 'C:\\laragon\\www\\mp3\\app\\Views\\include\\modals.php', 41)
 2 SYSTEMPATH\View\View.php(226): include('C:\\laragon\\www\\mp3\\app\\Views\\include\\modals.php')
 3 SYSTEMPATH\View\View.php(229): CodeIgniter\View\View->CodeIgniter\View\{closure}()
 4 SYSTEMPATH\View\View.php(467): CodeIgniter\View\View->render('include/modals', null, true)
 5 APPPATH\Views\musicView.php(3): CodeIgniter\View\View->include('include/modals')
 6 SYSTEMPATH\View\View.php(226): include('C:\\laragon\\www\\mp3\\app\\Views\\musicView.php')
 7 SYSTEMPATH\View\View.php(229): CodeIgniter\View\View->CodeIgniter\View\{closure}()
 8 SYSTEMPATH\Common.php(1188): CodeIgniter\View\View->render('musicView', [], true)
 9 APPPATH\Controllers\MainController.php(20): view('musicView', [...])
10 SYSTEMPATH\CodeIgniter.php(919): App\Controllers\MainController->index()
11 SYSTEMPATH\CodeIgniter.php(494): CodeIgniter\CodeIgniter->runController(Object(App\Controllers\MainController))
12 SYSTEMPATH\CodeIgniter.php(353): CodeIgniter\CodeIgniter->handleRequest(null, Object(Config\Cache), false)
13 FCPATH\index.php(79): CodeIgniter\CodeIgniter->run()
14 SYSTEMPATH\Commands\Server\rewrite.php(47): require_once('C:\\laragon\\www\\mp3\\public\\index.php')
CRITICAL - 2023-09-24 02:53:32 --> Undefined variable $playlists
in APPPATH\Views\include\modals.php on line 41.
 1 APPPATH\Views\include\modals.php(41): CodeIgniter\Debug\Exceptions->errorHandler(2, 'Undefined variable $playlists', 'C:\\laragon\\www\\mp3\\app\\Views\\include\\modals.php', 41)
 2 SYSTEMPATH\View\View.php(226): include('C:\\laragon\\www\\mp3\\app\\Views\\include\\modals.php')
 3 SYSTEMPATH\View\View.php(229): CodeIgniter\View\View->CodeIgniter\View\{closure}()
 4 SYSTEMPATH\View\View.php(467): CodeIgniter\View\View->render('include/modals', null, true)
 5 APPPATH\Views\musicView.php(3): CodeIgniter\View\View->include('include/modals')
 6 SYSTEMPATH\View\View.php(226): include('C:\\laragon\\www\\mp3\\app\\Views\\musicView.php')
 7 SYSTEMPATH\View\View.php(229): CodeIgniter\View\View->CodeIgniter\View\{closure}()
 8 SYSTEMPATH\Common.php(1188): CodeIgniter\View\View->render('musicView', [], true)
 9 APPPATH\Controllers\MainController.php(20): view('musicView', [...])
10 SYSTEMPATH\CodeIgniter.php(919): App\Controllers\MainController->index()
11 SYSTEMPATH\CodeIgniter.php(494): CodeIgniter\CodeIgniter->runController(Object(App\Controllers\MainController))
12 SYSTEMPATH\CodeIgniter.php(353): CodeIgniter\CodeIgniter->handleRequest(null, Object(Config\Cache), false)
13 FCPATH\index.php(79): CodeIgniter\CodeIgniter->run()
14 SYSTEMPATH\Commands\Server\rewrite.php(47): require_once('C:\\laragon\\www\\mp3\\public\\index.php')
CRITICAL - 2023-09-24 02:53:32 --> Undefined variable $playlists
in APPPATH\Views\include\modals.php on line 41.
 1 APPPATH\Views\include\modals.php(41): CodeIgniter\Debug\Exceptions->errorHandler(2, 'Undefined variable $playlists', 'C:\\laragon\\www\\mp3\\app\\Views\\include\\modals.php', 41)
 2 SYSTEMPATH\View\View.php(226): include('C:\\laragon\\www\\mp3\\app\\Views\\include\\modals.php')
 3 SYSTEMPATH\View\View.php(229): CodeIgniter\View\View->CodeIgniter\View\{closure}()
 4 SYSTEMPATH\View\View.php(467): CodeIgniter\View\View->render('include/modals', null, true)
 5 APPPATH\Views\musicView.php(3): CodeIgniter\View\View->include('include/modals')
 6 SYSTEMPATH\View\View.php(226): include('C:\\laragon\\www\\mp3\\app\\Views\\musicView.php')
 7 SYSTEMPATH\View\View.php(229): CodeIgniter\View\View->CodeIgniter\View\{closure}()
 8 SYSTEMPATH\Common.php(1188): CodeIgniter\View\View->render('musicView', [], true)
 9 APPPATH\Controllers\MainController.php(20): view('musicView', [...])
10 SYSTEMPATH\CodeIgniter.php(919): App\Controllers\MainController->index()
11 SYSTEMPATH\CodeIgniter.php(494): CodeIgniter\CodeIgniter->runController(Object(App\Controllers\MainController))
12 SYSTEMPATH\CodeIgniter.php(353): CodeIgniter\CodeIgniter->handleRequest(null, Object(Config\Cache), false)
13 FCPATH\index.php(79): CodeIgniter\CodeIgniter->run()
14 SYSTEMPATH\Commands\Server\rewrite.php(47): require_once('C:\\laragon\\www\\mp3\\public\\index.php')
CRITICAL - 2023-09-24 13:15:48 --> Undefined variable $mus
in APPPATH\Views\include\modals.php on line 39.
 1 APPPATH\Views\include\modals.php(39): CodeIgniter\Debug\Exceptions->errorHandler(2, 'Undefined variable $mus', 'C:\\laragon\\www\\mp3\\app\\Views\\include\\modals.php', 39)
 2 SYSTEMPATH\View\View.php(226): include('C:\\laragon\\www\\mp3\\app\\Views\\include\\modals.php')
 3 SYSTEMPATH\View\View.php(229): CodeIgniter\View\View->CodeIgniter\View\{closure}()
 4 SYSTEMPATH\View\View.php(467): CodeIgniter\View\View->render('include/modals', null, true)
 5 APPPATH\Views\musicView.php(3): CodeIgniter\View\View->include('include/modals')
 6 SYSTEMPATH\View\View.php(226): include('C:\\laragon\\www\\mp3\\app\\Views\\musicView.php')
 7 SYSTEMPATH\View\View.php(229): CodeIgniter\View\View->CodeIgniter\View\{closure}()
 8 SYSTEMPATH\Common.php(1188): CodeIgniter\View\View->render('musicView', [], true)
 9 APPPATH\Controllers\MainController.php(22): view('musicView', [...])
10 SYSTEMPATH\CodeIgniter.php(919): App\Controllers\MainController->index()
11 SYSTEMPATH\CodeIgniter.php(494): CodeIgniter\CodeIgniter->runController(Object(App\Controllers\MainController))
12 SYSTEMPATH\CodeIgniter.php(353): CodeIgniter\CodeIgniter->handleRequest(null, Object(Config\Cache), false)
13 FCPATH\index.php(79): CodeIgniter\CodeIgniter->run()
14 SYSTEMPATH\Commands\Server\rewrite.php(47): require_once('C:\\laragon\\www\\mp3\\public\\index.php')
CRITICAL - 2023-09-24 13:15:48 --> Undefined variable $mus
in APPPATH\Views\include\modals.php on line 39.
 1 APPPATH\Views\include\modals.php(39): CodeIgniter\Debug\Exceptions->errorHandler(2, 'Undefined variable $mus', 'C:\\laragon\\www\\mp3\\app\\Views\\include\\modals.php', 39)
 2 SYSTEMPATH\View\View.php(226): include('C:\\laragon\\www\\mp3\\app\\Views\\include\\modals.php')
 3 SYSTEMPATH\View\View.php(229): CodeIgniter\View\View->CodeIgniter\View\{closure}()
 4 SYSTEMPATH\View\View.php(467): CodeIgniter\View\View->render('include/modals', null, true)
 5 APPPATH\Views\musicView.php(3): CodeIgniter\View\View->include('include/modals')
 6 SYSTEMPATH\View\View.php(226): include('C:\\laragon\\www\\mp3\\app\\Views\\musicView.php')
 7 SYSTEMPATH\View\View.php(229): CodeIgniter\View\View->CodeIgniter\View\{closure}()
 8 SYSTEMPATH\Common.php(1188): CodeIgniter\View\View->render('musicView', [], true)
 9 APPPATH\Controllers\MainController.php(22): view('musicView', [...])
10 SYSTEMPATH\CodeIgniter.php(919): App\Controllers\MainController->index()
11 SYSTEMPATH\CodeIgniter.php(494): CodeIgniter\CodeIgniter->runController(Object(App\Controllers\MainController))
12 SYSTEMPATH\CodeIgniter.php(353): CodeIgniter\CodeIgniter->handleRequest(null, Object(Config\Cache), false)
13 FCPATH\index.php(79): CodeIgniter\CodeIgniter->run()
14 SYSTEMPATH\Commands\Server\rewrite.php(47): require_once('C:\\laragon\\www\\mp3\\public\\index.php')
CRITICAL - 2023-09-24 13:20:43 --> Undefined variable $mus
in APPPATH\Views\include\modals.php on line 39.
 1 APPPATH\Views\include\modals.php(39): CodeIgniter\Debug\Exceptions->errorHandler(2, 'Undefined variable $mus', 'C:\\laragon\\www\\mp3\\app\\Views\\include\\modals.php', 39)
 2 SYSTEMPATH\View\View.php(226): include('C:\\laragon\\www\\mp3\\app\\Views\\include\\modals.php')
 3 SYSTEMPATH\View\View.php(229): CodeIgniter\View\View->CodeIgniter\View\{closure}()
 4 SYSTEMPATH\View\View.php(467): CodeIgniter\View\View->render('include/modals', null, true)
 5 APPPATH\Views\musicView.php(3): CodeIgniter\View\View->include('include/modals')
 6 SYSTEMPATH\View\View.php(226): include('C:\\laragon\\www\\mp3\\app\\Views\\musicView.php')
 7 SYSTEMPATH\View\View.php(229): CodeIgniter\View\View->CodeIgniter\View\{closure}()
 8 SYSTEMPATH\Common.php(1188): CodeIgniter\View\View->render('musicView', [], true)
 9 APPPATH\Controllers\MainController.php(22): view('musicView', [...])
10 SYSTEMPATH\CodeIgniter.php(919): App\Controllers\MainController->index()
11 SYSTEMPATH\CodeIgniter.php(494): CodeIgniter\CodeIgniter->runController(Object(App\Controllers\MainController))
12 SYSTEMPATH\CodeIgniter.php(353): CodeIgniter\CodeIgniter->handleRequest(null, Object(Config\Cache), false)
13 FCPATH\index.php(79): CodeIgniter\CodeIgniter->run()
14 SYSTEMPATH\Commands\Server\rewrite.php(47): require_once('C:\\laragon\\www\\mp3\\public\\index.php')
CRITICAL - 2023-09-24 14:13:47 --> Undefined variable $mus
in APPPATH\Views\include\modals.php on line 39.
 1 APPPATH\Views\include\modals.php(39): CodeIgniter\Debug\Exceptions->errorHandler(2, 'Undefined variable $mus', 'C:\\laragon\\www\\mp3\\app\\Views\\include\\modals.php', 39)
 2 SYSTEMPATH\View\View.php(226): include('C:\\laragon\\www\\mp3\\app\\Views\\include\\modals.php')
 3 SYSTEMPATH\View\View.php(229): CodeIgniter\View\View->CodeIgniter\View\{closure}()
 4 SYSTEMPATH\View\View.php(467): CodeIgniter\View\View->render('include/modals', null, true)
 5 APPPATH\Views\musicView.php(3): CodeIgniter\View\View->include('include/modals')
 6 SYSTEMPATH\View\View.php(226): include('C:\\laragon\\www\\mp3\\app\\Views\\musicView.php')
 7 SYSTEMPATH\View\View.php(229): CodeIgniter\View\View->CodeIgniter\View\{closure}()
 8 SYSTEMPATH\Common.php(1188): CodeIgniter\View\View->render('musicView', [], true)
 9 APPPATH\Controllers\MainController.php(23): view('musicView', [...])
10 SYSTEMPATH\CodeIgniter.php(919): App\Controllers\MainController->index()
11 SYSTEMPATH\CodeIgniter.php(494): CodeIgniter\CodeIgniter->runController(Object(App\Controllers\MainController))
12 SYSTEMPATH\CodeIgniter.php(353): CodeIgniter\CodeIgniter->handleRequest(null, Object(Config\Cache), false)
13 FCPATH\index.php(79): CodeIgniter\CodeIgniter->run()
14 SYSTEMPATH\Commands\Server\rewrite.php(47): require_once('C:\\laragon\\www\\mp3\\public\\index.php')
CRITICAL - 2023-09-24 14:33:03 --> Undefined array key "musicID"
in APPPATH\Views\include\modals.php on line 39.
 1 APPPATH\Views\include\modals.php(39): CodeIgniter\Debug\Exceptions->errorHandler(2, 'Undefined array key "musicID"', 'C:\\laragon\\www\\mp3\\app\\Views\\include\\modals.php', 39)
 2 SYSTEMPATH\View\View.php(226): include('C:\\laragon\\www\\mp3\\app\\Views\\include\\modals.php')
 3 SYSTEMPATH\View\View.php(229): CodeIgniter\View\View->CodeIgniter\View\{closure}()
 4 SYSTEMPATH\View\View.php(467): CodeIgniter\View\View->render('include/modals', null, true)
 5 APPPATH\Views\musicView.php(3): CodeIgniter\View\View->include('include/modals')
 6 SYSTEMPATH\View\View.php(226): include('C:\\laragon\\www\\mp3\\app\\Views\\musicView.php')
 7 SYSTEMPATH\View\View.php(229): CodeIgniter\View\View->CodeIgniter\View\{closure}()
 8 SYSTEMPATH\Common.php(1188): CodeIgniter\View\View->render('musicView', [], true)
 9 APPPATH\Controllers\MainController.php(23): view('musicView', [...])
10 SYSTEMPATH\CodeIgniter.php(919): App\Controllers\MainController->index()
11 SYSTEMPATH\CodeIgniter.php(494): CodeIgniter\CodeIgniter->runController(Object(App\Controllers\MainController))
12 SYSTEMPATH\CodeIgniter.php(353): CodeIgniter\CodeIgniter->handleRequest(null, Object(Config\Cache), false)
13 FCPATH\index.php(79): CodeIgniter\CodeIgniter->run()
14 SYSTEMPATH\Commands\Server\rewrite.php(47): require_once('C:\\laragon\\www\\mp3\\public\\index.php')
CRITICAL - 2023-09-24 14:34:27 --> Undefined array key "musicID"
in APPPATH\Views\include\modals.php on line 39.
 1 APPPATH\Views\include\modals.php(39): CodeIgniter\Debug\Exceptions->errorHandler(2, 'Undefined array key "musicID"', 'C:\\laragon\\www\\mp3\\app\\Views\\include\\modals.php', 39)
 2 SYSTEMPATH\View\View.php(226): include('C:\\laragon\\www\\mp3\\app\\Views\\include\\modals.php')
 3 SYSTEMPATH\View\View.php(229): CodeIgniter\View\View->CodeIgniter\View\{closure}()
 4 SYSTEMPATH\View\View.php(467): CodeIgniter\View\View->render('include/modals', null, true)
 5 APPPATH\Views\musicView.php(3): CodeIgniter\View\View->include('include/modals')
 6 SYSTEMPATH\View\View.php(226): include('C:\\laragon\\www\\mp3\\app\\Views\\musicView.php')
 7 SYSTEMPATH\View\View.php(229): CodeIgniter\View\View->CodeIgniter\View\{closure}()
 8 SYSTEMPATH\Common.php(1188): CodeIgniter\View\View->render('musicView', [], true)
 9 APPPATH\Controllers\MainController.php(23): view('musicView', [...])
10 SYSTEMPATH\CodeIgniter.php(919): App\Controllers\MainController->index()
11 SYSTEMPATH\CodeIgniter.php(494): CodeIgniter\CodeIgniter->runController(Object(App\Controllers\MainController))
12 SYSTEMPATH\CodeIgniter.php(353): CodeIgniter\CodeIgniter->handleRequest(null, Object(Config\Cache), false)
13 FCPATH\index.php(79): CodeIgniter\CodeIgniter->run()
14 SYSTEMPATH\Commands\Server\rewrite.php(47): require_once('C:\\laragon\\www\\mp3\\public\\index.php')
CRITICAL - 2023-09-24 14:34:28 --> Undefined array key "musicID"
in APPPATH\Views\include\modals.php on line 39.
 1 APPPATH\Views\include\modals.php(39): CodeIgniter\Debug\Exceptions->errorHandler(2, 'Undefined array key "musicID"', 'C:\\laragon\\www\\mp3\\app\\Views\\include\\modals.php', 39)
 2 SYSTEMPATH\View\View.php(226): include('C:\\laragon\\www\\mp3\\app\\Views\\include\\modals.php')
 3 SYSTEMPATH\View\View.php(229): CodeIgniter\View\View->CodeIgniter\View\{closure}()
 4 SYSTEMPATH\View\View.php(467): CodeIgniter\View\View->render('include/modals', null, true)
 5 APPPATH\Views\musicView.php(3): CodeIgniter\View\View->include('include/modals')
 6 SYSTEMPATH\View\View.php(226): include('C:\\laragon\\www\\mp3\\app\\Views\\musicView.php')
 7 SYSTEMPATH\View\View.php(229): CodeIgniter\View\View->CodeIgniter\View\{closure}()
 8 SYSTEMPATH\Common.php(1188): CodeIgniter\View\View->render('musicView', [], true)
 9 APPPATH\Controllers\MainController.php(23): view('musicView', [...])
10 SYSTEMPATH\CodeIgniter.php(919): App\Controllers\MainController->index()
11 SYSTEMPATH\CodeIgniter.php(494): CodeIgniter\CodeIgniter->runController(Object(App\Controllers\MainController))
12 SYSTEMPATH\CodeIgniter.php(353): CodeIgniter\CodeIgniter->handleRequest(null, Object(Config\Cache), false)
13 FCPATH\index.php(79): CodeIgniter\CodeIgniter->run()
14 SYSTEMPATH\Commands\Server\rewrite.php(47): require_once('C:\\laragon\\www\\mp3\\public\\index.php')
CRITICAL - 2023-09-24 15:15:56 --> Undefined variable $mus
in APPPATH\Views\include\modals.php on line 39.
 1 APPPATH\Views\include\modals.php(39): CodeIgniter\Debug\Exceptions->errorHandler(2, 'Undefined variable $mus', 'C:\\laragon\\www\\mp3\\app\\Views\\include\\modals.php', 39)
 2 SYSTEMPATH\View\View.php(226): include('C:\\laragon\\www\\mp3\\app\\Views\\include\\modals.php')
 3 SYSTEMPATH\View\View.php(229): CodeIgniter\View\View->CodeIgniter\View\{closure}()
 4 SYSTEMPATH\View\View.php(467): CodeIgniter\View\View->render('include/modals', null, true)
 5 APPPATH\Views\musicView.php(3): CodeIgniter\View\View->include('include/modals')
 6 SYSTEMPATH\View\View.php(226): include('C:\\laragon\\www\\mp3\\app\\Views\\musicView.php')
 7 SYSTEMPATH\View\View.php(229): CodeIgniter\View\View->CodeIgniter\View\{closure}()
 8 SYSTEMPATH\Common.php(1188): CodeIgniter\View\View->render('musicView', [], true)
 9 APPPATH\Controllers\MainController.php(29): view('musicView', [...])
10 SYSTEMPATH\CodeIgniter.php(919): App\Controllers\MainController->index()
11 SYSTEMPATH\CodeIgniter.php(494): CodeIgniter\CodeIgniter->runController(Object(App\Controllers\MainController))
12 SYSTEMPATH\CodeIgniter.php(353): CodeIgniter\CodeIgniter->handleRequest(null, Object(Config\Cache), false)
13 FCPATH\index.php(79): CodeIgniter\CodeIgniter->run()
14 SYSTEMPATH\Commands\Server\rewrite.php(47): require_once('C:\\laragon\\www\\mp3\\public\\index.php')
CRITICAL - 2023-09-24 15:16:06 --> Undefined array key "musicID"
in APPPATH\Views\include\modals.php on line 39.
 1 APPPATH\Views\include\modals.php(39): CodeIgniter\Debug\Exceptions->errorHandler(2, 'Undefined array key "musicID"', 'C:\\laragon\\www\\mp3\\app\\Views\\include\\modals.php', 39)
 2 SYSTEMPATH\View\View.php(226): include('C:\\laragon\\www\\mp3\\app\\Views\\include\\modals.php')
 3 SYSTEMPATH\View\View.php(229): CodeIgniter\View\View->CodeIgniter\View\{closure}()
 4 SYSTEMPATH\View\View.php(467): CodeIgniter\View\View->render('include/modals', null, true)
 5 APPPATH\Views\musicView.php(3): CodeIgniter\View\View->include('include/modals')
 6 SYSTEMPATH\View\View.php(226): include('C:\\laragon\\www\\mp3\\app\\Views\\musicView.php')
 7 SYSTEMPATH\View\View.php(229): CodeIgniter\View\View->CodeIgniter\View\{closure}()
 8 SYSTEMPATH\Common.php(1188): CodeIgniter\View\View->render('musicView', [], true)
 9 APPPATH\Controllers\MainController.php(29): view('musicView', [...])
10 SYSTEMPATH\CodeIgniter.php(919): App\Controllers\MainController->index()
11 SYSTEMPATH\CodeIgniter.php(494): CodeIgniter\CodeIgniter->runController(Object(App\Controllers\MainController))
12 SYSTEMPATH\CodeIgniter.php(353): CodeIgniter\CodeIgniter->handleRequest(null, Object(Config\Cache), false)
13 FCPATH\index.php(79): CodeIgniter\CodeIgniter->run()
14 SYSTEMPATH\Commands\Server\rewrite.php(47): require_once('C:\\laragon\\www\\mp3\\public\\index.php')
